Arguments: 
  /Users/tkach/.nvm/versions/node/v10.15.3/bin/node /usr/local/Cellar/yarn/1.13.0/libexec/bin/yarn.js

PATH: 
  /Users/tkach/.nvm/versions/node/v10.15.3/bin:/usr/local/bin:/usr/bin:/bin:/usr/sbin:/sbin:/usr/local/go/bin

Yarn version: 
  1.13.0

Node version: 
  10.15.3

Platform: 
  darwin x64

Trace: 
  SyntaxError: /Users/tkach/Documents/free_time/projects/easychat/easychat-api/package.json: Unexpected token } in JSON at position 1249
      at JSON.parse (<anonymous>)
      at /usr/local/Cellar/yarn/1.13.0/libexec/lib/cli.js:1625:59
      at Generator.next (<anonymous>)
      at step (/usr/local/Cellar/yarn/1.13.0/libexec/lib/cli.js:304:30)
      at /usr/local/Cellar/yarn/1.13.0/libexec/lib/cli.js:315:13

npm manifest: 
  {
    "name": "easychat-api",
    "private": true,
    "engines": {
      "node": "10"
    },
    "scripts": {
      "clean": "rimraf dist node_modules",
      "build": "npm-run-all --parallel build:*",
      "build:ts": "tsc",
      "ci:heroku:build": "docker build --rm=false -t registry.heroku.com/$npm_package_name/web .",
      "ci:heroku:login": "docker login -u $HEROKU_LOGIN -p $HEROKU_TOKEN registry.heroku.com",
      "ci:heroku:push": "docker push registry.heroku.com/$npm_package_name/web:latest",
      "ci:heroku:release": "./scripts/release.sh $npm_package_name",
      "deps:all": "npm ci",
      "deps:production": "npm ci --production",
      "docker:build": "docker build -t $npm_package_name .",
      "docker:run": "docker run -p 8080:80 $npm_package_name",
      "heroku:login": "heroku container:login",
      "heroku:push": "heroku container:push web",
      "heroku:release": "heroku container:release web",
      "heroku:open": "heroku open",
      "heroku": "npm-run-all heroku:*",
      "heroku-init": "heroku login && heroku create $npm_package_name",
      "lint": "npm-run-all lint:*",
      "lint:deps": "npm audit",
      "lint:es": "eslint --fix --ext=.ts,.js src/ config/",
      "lint:ts": "tslint --project .",
      "start": "cross-env NODE_PATH=dist/ node dist/",
    },
    "dependencies": {
      "@types/node": "11.11.6",
      "body-parser": "1.18.3",
      "config": "3.0.1",
      "express": "4.16.4",
      "morgan": "1.9.1",
      "ts-node": "8.0.3",
      "typescript": "3.3.4000"
    },
    "devDependencies": {
      "@types/config": "0.0.34",
      "@types/express": "4.16.1",
      "@types/hbs": "4.0.1",
      "@types/morgan": "1.7.35",
      "@typescript-eslint/eslint-plugin": "1.5.0",
      "@typescript-eslint/parser": "1.5.0",
      "copyfiles": "2.1.0",
      "cross-env": "5.2.0",
      "eslint": "5.15.3",
      "eslint-config-xo": "0.26.0",
      "npm-run-all": "4.1.5",
      "rimraf": "2.6.3",
      "tslint": "5.14.0"
    }
  }

yarn manifest: 
  No manifest

Lockfile: 
  No lockfile
